TN:
SF:apps/analytics/src/App.tsx
FN:4,App
FNF:1
FNH:0
FNDA:0,App
DA:1,0
DA:2,0
DA:4,0
DA:5,0
LF:4
LH:0
BRF:0
BRH:0
end_of_record
TN:
SF:apps/analytics/src/main.tsx
FNF:0
FNH:0
DA:1,0
DA:2,0
DA:3,0
DA:4,0
DA:6,0
LF:5
LH:0
BRF:0
BRH:0
end_of_record
TN:
SF:apps/analytics/src/context/AnalyticsContext.tsx
FN:24,defaultDateRange
FN:38,AnalyticsProvider
FN:47,(anonymous_9)
FN:47,(anonymous_10)
FN:62,(anonymous_11)
FN:63,(anonymous_12)
FN:83,(anonymous_13)
FN:88,(anonymous_14)
FN:92,(anonymous_15)
FN:92,(anonymous_16)
FN:115,useAnalytics
FNF:11
FNH:0
FNDA:0,defaultDateRange
FNDA:0,AnalyticsProvider
FNDA:0,(anonymous_9)
FNDA:0,(anonymous_10)
FNDA:0,(anonymous_11)
FNDA:0,(anonymous_12)
FNDA:0,(anonymous_13)
FNDA:0,(anonymous_14)
FNDA:0,(anonymous_15)
FNDA:0,(anonymous_16)
FNDA:0,useAnalytics
DA:1,0
DA:2,0
DA:4,0
DA:25,0
DA:26,0
DA:27,0
DA:28,0
DA:35,0
DA:38,0
DA:39,0
DA:40,0
DA:41,0
DA:42,0
DA:43,0
DA:44,0
DA:47,0
DA:48,0
DA:49,0
DA:50,0
DA:51,0
DA:52,0
DA:53,0
DA:55,0
DA:57,0
DA:62,0
DA:63,0
DA:64,0
DA:65,0
DA:67,0
DA:68,0
DA:69,0
DA:70,0
DA:75,0
DA:76,0
DA:79,0
DA:83,0
DA:84,0
DA:88,0
DA:89,0
DA:92,0
DA:93,0
DA:96,0
DA:115,0
DA:116,0
DA:117,0
DA:118,0
LF:46
LH:0
BRDA:55,0,0,0
BRDA:55,0,1,0
BRDA:64,1,0,0
BRDA:67,2,0,0
BRDA:75,3,0,0
BRDA:84,4,0,0
BRDA:89,5,0,0
BRDA:93,6,0,0
BRDA:117,7,0,0
BRF:9
BRH:0
end_of_record
TN:
SF:apps/analytics/src/hooks/useAnalytics.ts
FN:1,(anonymous_0)
FNF:1
FNH:0
FNDA:0,(anonymous_0)
DA:1,0
LF:1
LH:0
BRF:0
BRH:0
end_of_record
TN:
SF:apps/analytics/src/hooks/useAuth.ts
FN:11,useAuth
FN:15,(anonymous_1)
FN:16,(anonymous_2)
FNF:3
FNH:0
FNDA:0,useAuth
FNDA:0,(anonymous_1)
FNDA:0,(anonymous_2)
DA:1,0
DA:2,0
DA:11,0
DA:12,0
DA:13,0
DA:15,0
DA:16,0
DA:17,0
DA:18,0
DA:19,0
DA:21,0
DA:22,0
DA:23,0
DA:27,0
DA:28,0
DA:31,0
DA:34,0
LF:17
LH:0
BRDA:17,0,0,0
BRDA:21,1,0,0
BRDA:27,2,0,0
BRF:3
BRH:0
end_of_record
TN:
SF:apps/analytics/src/hooks/useDebounce.ts
FN:3,useDebounce
FN:5,(anonymous_1)
FN:6,(anonymous_2)
FN:7,(anonymous_3)
FNF:4
FNH:0
FNDA:0,useDebounce
FNDA:0,(anonymous_1)
FNDA:0,(anonymous_2)
FNDA:0,(anonymous_3)
DA:1,0
DA:3,0
DA:4,0
DA:5,0
DA:6,0
DA:7,0
DA:9,0
LF:7
LH:0
BRDA:3,0,0,0
BRF:1
BRH:0
end_of_record
TN:
SF:apps/analytics/src/hooks/useLocalStorage.ts
FN:3,useLocalStorage
FN:4,(anonymous_1)
FN:12,(anonymous_2)
FNF:3
FNH:0
FNDA:0,useLocalStorage
FNDA:0,(anonymous_1)
FNDA:0,(anonymous_2)
DA:1,0
DA:3,0
DA:4,0
DA:5,0
DA:6,0
DA:7,0
DA:9,0
DA:12,0
DA:13,0
DA:14,0
DA:17,0
LF:11
LH:0
BRDA:7,0,0,0
BRDA:7,0,1,0
BRF:2
BRH:0
end_of_record
TN:
SF:apps/analytics/src/pages/Analytics/AdmissionsLineChart.tsx
FN:14,AdmissionsLineChart
FN:15,(anonymous_1)
FNF:2
FNH:0
FNDA:0,AdmissionsLineChart
FNDA:0,(anonymous_1)
DA:2,0
DA:14,0
DA:15,0
DA:17,0
LF:4
LH:0
BRF:0
BRH:0
end_of_record
TN:
SF:apps/analytics/src/pages/Analytics/AnalyticsPage.tsx
FN:21,presetsToRange
FN:34,AnalyticsPage
FN:41,(anonymous_3)
FN:46,(anonymous_4)
FN:51,(anonymous_5)
FN:110,(anonymous_6)
FN:113,(anonymous_7)
FN:136,(anonymous_8)
FN:147,(anonymous_9)
FNF:9
FNH:0
FNDA:0,presetsToRange
FNDA:0,AnalyticsPage
FNDA:0,(anonymous_3)
FNDA:0,(anonymous_4)
FNDA:0,(anonymous_5)
FNDA:0,(anonymous_6)
FNDA:0,(anonymous_7)
FNDA:0,(anonymous_8)
FNDA:0,(anonymous_9)
DA:1,0
DA:2,0
DA:3,0
DA:4,0
DA:5,0
DA:6,0
DA:7,0
DA:8,0
DA:9,0
DA:14,0
DA:22,0
DA:23,0
DA:24,0
DA:25,0
DA:26,0
DA:27,0
DA:34,0
DA:35,0
DA:37,0
DA:38,0
DA:39,0
DA:41,0
DA:42,0
DA:43,0
DA:46,0
DA:47,0
DA:51,0
DA:52,0
DA:53,0
DA:54,0
DA:62,0
DA:63,0
DA:74,0
DA:75,0
DA:94,0
DA:111,0
DA:113,0
DA:136,0
DA:147,0
LF:39
LH:0
BRDA:24,0,0,0
BRDA:25,1,0,0
BRDA:26,2,0,0
BRDA:43,3,0,0
BRDA:52,4,0,0
BRDA:53,5,0,0
BRDA:53,5,1,0
BRDA:53,6,0,0
BRDA:53,6,1,0
BRDA:53,7,0,0
BRDA:53,7,1,0
BRDA:62,8,0,0
BRDA:74,9,0,0
BRDA:74,10,0,0
BRDA:74,10,1,0
BRDA:119,11,0,0
BRDA:119,11,1,0
BRDA:130,12,0,0
BRDA:130,12,1,0
BRF:19
BRH:0
end_of_record
TN:
SF:apps/analytics/src/pages/Analytics/DateRangePicker.tsx
FN:10,DateRangePicker
FN:18,(anonymous_1)
FN:28,(anonymous_2)
FNF:3
FNH:0
FNDA:0,DateRangePicker
FNDA:0,(anonymous_1)
FNDA:0,(anonymous_2)
DA:10,0
DA:11,0
DA:18,0
DA:28,0
LF:4
LH:0
BRF:0
BRH:0
end_of_record
TN:
SF:apps/analytics/src/pages/Analytics/DepartmentBarChart.tsx
FN:26,DepartmentBarChart
FN:57,(anonymous_1)
FN:71,(anonymous_2)
FNF:3
FNH:0
FNDA:0,DepartmentBarChart
FNDA:0,(anonymous_1)
FNDA:0,(anonymous_2)
DA:2,0
DA:13,0
DA:26,0
DA:27,0
DA:57,0
DA:72,0
LF:6
LH:0
BRF:0
BRH:0
end_of_record
TN:
SF:apps/analytics/src/pages/Analytics/DiagnosisPieChart.tsx
FN:17,(anonymous_0)
FN:17,(anonymous_1)
FN:19,DiagnosisPieChart
FN:43,(anonymous_3)
FN:48,(anonymous_4)
FN:66,(anonymous_5)
FNF:6
FNH:0
FNDA:0,(anonymous_0)
FNDA:0,(anonymous_1)
FNDA:0,DiagnosisPieChart
FNDA:0,(anonymous_3)
FNDA:0,(anonymous_4)
FNDA:0,(anonymous_5)
DA:2,0
DA:4,0
DA:17,0
DA:19,0
DA:20,0
DA:22,0
DA:44,0
DA:48,0
DA:67,0
LF:9
LH:0
BRF:0
BRH:0
end_of_record
TN:
SF:apps/analytics/src/pages/Analytics/RevenueAreaChart.tsx
FN:12,(anonymous_0)
FN:15,RevenueAreaChart
FN:16,(anonymous_2)
FN:17,(anonymous_3)
FN:76,(anonymous_4)
FNF:5
FNH:0
FNDA:0,(anonymous_0)
FNDA:0,RevenueAreaChart
FNDA:0,(anonymous_2)
FNDA:0,(anonymous_3)
FNDA:0,(anonymous_4)
DA:2,0
DA:12,0
DA:13,0
DA:15,0
DA:16,0
DA:17,0
DA:18,0
DA:20,0
DA:76,0
LF:9
LH:0
BRDA:13,0,0,0
BRDA:13,0,1,0
BRF:2
BRH:0
end_of_record
TN:
SF:apps/analytics/src/pages/Analytics/SummaryTable.tsx
FN:9,(anonymous_0)
FN:12,SummaryTable
FN:13,(anonymous_2)
FN:14,(anonymous_3)
FN:15,(anonymous_4)
FN:16,(anonymous_5)
FN:17,(anonymous_6)
FN:43,(anonymous_7)
FN:44,(anonymous_8)
FN:45,(anonymous_9)
FN:85,(anonymous_10)
FN:109,(anonymous_11)
FNF:12
FNH:0
FNDA:0,(anonymous_0)
FNDA:0,SummaryTable
FNDA:0,(anonymous_2)
FNDA:0,(anonymous_3)
FNDA:0,(anonymous_4)
FNDA:0,(anonymous_5)
FNDA:0,(anonymous_6)
FNDA:0,(anonymous_7)
FNDA:0,(anonymous_8)
FNDA:0,(anonymous_9)
FNDA:0,(anonymous_10)
FNDA:0,(anonymous_11)
DA:9,0
DA:10,0
DA:12,0
DA:13,0
DA:14,0
DA:15,0
DA:16,0
DA:17,0
DA:18,0
DA:20,0
DA:43,0
DA:44,0
DA:45,0
DA:48,0
DA:49,0
DA:50,0
DA:51,0
DA:52,0
DA:53,0
DA:54,0
DA:57,0
DA:86,0
DA:109,0
DA:110,0
LF:24
LH:0
BRDA:10,0,0,0
BRDA:10,0,1,0
BRDA:39,1,0,0
BRDA:39,1,1,0
BRDA:39,2,0,0
BRDA:39,2,1,0
BRDA:39,3,0,0
BRDA:39,3,1,0
BRDA:39,4,0,0
BRDA:39,4,1,0
BRF:10
BRH:0
end_of_record
TN:
SF:apps/analytics/src/pages/Dashboard/ActivityFeed.tsx
FN:16,relTime
FN:23,ActivityFeed
FN:37,(anonymous_3)
FNF:3
FNH:0
FNDA:0,relTime
FNDA:0,ActivityFeed
FNDA:0,(anonymous_3)
DA:2,0
DA:8,0
DA:17,0
DA:18,0
DA:19,0
DA:20,0
DA:23,0
DA:24,0
DA:38,0
DA:39,0
LF:10
LH:0
BRDA:18,0,0,0
BRDA:19,1,0,0
BRDA:38,2,0,0
BRDA:38,2,1,0
BRDA:38,3,0,0
BRDA:38,3,1,0
BRF:6
BRH:0
end_of_record
TN:
SF:apps/analytics/src/pages/Dashboard/AdmissionsTrendChart.tsx
FN:17,AdmissionsTrendChart
FNF:1
FNH:0
FNDA:0,AdmissionsTrendChart
DA:2,0
DA:17,0
DA:18,0
LF:3
LH:0
BRF:0
BRH:0
end_of_record
TN:
SF:apps/analytics/src/pages/Dashboard/DashboardPage.tsx
FN:12,DashboardPage
FN:19,(anonymous_2)
FN:22,(anonymous_3)
FN:26,(anonymous_4)
FN:50,(anonymous_5)
FN:97,(anonymous_6)
FN:116,PulsingDot
FNF:7
FNH:0
FNDA:0,DashboardPage
FNDA:0,(anonymous_2)
FNDA:0,(anonymous_3)
FNDA:0,(anonymous_4)
FNDA:0,(anonymous_5)
FNDA:0,(anonymous_6)
FNDA:0,PulsingDot
DA:1,0
DA:2,0
DA:3,0
DA:4,0
DA:5,0
DA:6,0
DA:7,0
DA:8,0
DA:12,0
DA:13,0
DA:15,0
DA:16,0
DA:17,0
DA:19,0
DA:20,0
DA:21,0
DA:23,0
DA:24,0
DA:26,0
DA:30,0
DA:31,0
DA:45,0
DA:46,0
DA:51,0
DA:65,0
DA:67,0
DA:98,0
DA:117,0
LF:28
LH:0
BRDA:20,0,0,0
BRDA:30,1,0,0
BRDA:45,2,0,0
BRDA:45,3,0,0
BRDA:45,3,1,0
BRDA:65,4,0,0
BRDA:65,4,1,0
BRDA:65,5,0,0
BRDA:65,5,1,0
BRDA:65,6,0,0
BRDA:65,6,1,0
BRDA:65,7,0,0
BRDA:65,7,1,0
BRF:13
BRH:0
end_of_record
TN:
SF:apps/analytics/src/pages/Dashboard/KPICard.tsx
FN:14,(anonymous_1)
FN:19,(anonymous_2)
FN:28,(anonymous_3)
FN:33,(anonymous_4)
FN:42,(anonymous_5)
FN:51,(anonymous_6)
FN:60,(anonymous_7)
FN:69,(anonymous_8)
FN:74,(anonymous_9)
FN:91,KPICard
FN:98,(anonymous_11)
FNF:11
FNH:0
FNDA:0,(anonymous_1)
FNDA:0,(anonymous_2)
FNDA:0,(anonymous_3)
FNDA:0,(anonymous_4)
FNDA:0,(anonymous_5)
FNDA:0,(anonymous_6)
FNDA:0,(anonymous_7)
FNDA:0,(anonymous_8)
FNDA:0,(anonymous_9)
FNDA:0,KPICard
FNDA:0,(anonymous_11)
DA:3,0
DA:4,0
DA:13,0
DA:14,0
DA:15,0
DA:19,0
DA:20,0
DA:28,0
DA:29,0
DA:33,0
DA:34,0
DA:42,0
DA:43,0
DA:51,0
DA:52,0
DA:60,0
DA:61,0
DA:69,0
DA:70,0
DA:74,0
DA:75,0
DA:80,0
DA:91,0
DA:92,0
DA:93,0
DA:94,0
DA:96,0
DA:98,0
DA:100,0
LF:29
LH:0
BRDA:96,0,0,0
BRDA:96,0,1,0
BRDA:96,1,0,0
BRDA:96,1,1,0
BRDA:112,2,0,0
BRDA:112,2,1,0
BRDA:112,3,0,0
BRDA:112,3,1,0
BRDA:133,4,0,0
BRDA:133,4,1,0
BRDA:133,5,0,0
BRDA:133,5,1,0
BRF:12
BRH:0
end_of_record
TN:
SF:apps/analytics/src/pages/Dashboard/RecentAppointmentsTable.tsx
FN:29,RecentAppointmentsTable
FN:44,(anonymous_1)
FN:57,(anonymous_2)
FNF:3
FNH:0
FNDA:0,RecentAppointmentsTable
FNDA:0,(anonymous_1)
FNDA:0,(anonymous_2)
DA:2,0
DA:4,0
DA:18,0
DA:29,0
DA:30,0
DA:45,0
DA:57,0
LF:7
LH:0
BRDA:66,0,0,0
BRDA:66,0,1,0
BRDA:66,1,0,0
BRDA:66,1,1,0
BRDA:69,2,0,0
BRDA:69,2,1,0
BRDA:69,3,0,0
BRDA:69,3,1,0
BRDA:76,4,0,0
BRDA:76,4,1,0
BRDA:76,5,0,0
BRDA:76,5,1,0
BRF:12
BRH:0
end_of_record
TN:
SF:apps/analytics/src/routes/AppRouter.tsx
FN:6,(anonymous_9)
FN:6,(anonymous_10)
FN:7,(anonymous_11)
FN:7,(anonymous_12)
FN:10,PageSkeleton
FN:15,(anonymous_14)
FN:71,AppRouter
FNF:7
FNH:0
FNDA:0,(anonymous_9)
FNDA:0,(anonymous_10)
FNDA:0,(anonymous_11)
FNDA:0,(anonymous_12)
FNDA:0,PageSkeleton
FNDA:0,(anonymous_14)
FNDA:0,AppRouter
DA:1,0
DA:2,0
DA:3,0
DA:4,0
DA:6,0
DA:7,0
DA:11,0
DA:16,0
DA:32,0
DA:71,0
DA:72,0
LF:11
LH:0
BRF:0
BRH:0
end_of_record
TN:
SF:apps/patients/src/App.tsx
FN:8,(anonymous_9)
FN:8,(anonymous_10)
FN:9,(anonymous_11)
FN:9,(anonymous_12)
FN:12,ListSkeleton
FN:23,(anonymous_14)
FN:31,DetailSkeleton
FN:54,NavigationBridge
FN:57,(anonymous_17)
FN:101,RouterWithProvider
FNF:10
FNH:0
FNDA:0,(anonymous_9)
FNDA:0,(anonymous_10)
FNDA:0,(anonymous_11)
FNDA:0,(anonymous_12)
FNDA:0,ListSkeleton
FNDA:0,(anonymous_14)
FNDA:0,DetailSkeleton
FNDA:0,NavigationBridge
FNDA:0,(anonymous_17)
FNDA:0,RouterWithProvider
DA:1,0
DA:2,0
DA:3,0
DA:4,0
DA:5,0
DA:8,0
DA:9,0
DA:13,0
DA:24,0
DA:32,0
DA:55,0
DA:57,0
DA:59,0
DA:61,0
DA:67,0
DA:71,0
DA:102,0
DA:109,0
LF:18
LH:0
BRDA:59,0,0,0
BRF:1
BRH:0
end_of_record
TN:
SF:apps/patients/src/main.tsx
FNF:0
FNH:0
DA:1,0
DA:2,0
DA:3,0
DA:4,0
DA:6,0
LF:5
LH:0
BRF:0
BRH:0
end_of_record
TN:
SF:apps/patients/src/context/PatientContext.tsx
FN:39,PatientProvider
FN:50,(anonymous_8)
FN:50,(anonymous_9)
FN:64,(anonymous_10)
FN:65,(anonymous_11)
FN:87,(anonymous_12)
FN:92,(anonymous_13)
FN:96,(anonymous_14)
FN:102,(anonymous_15)
FN:115,(anonymous_16)
FN:120,(anonymous_17)
FN:124,(anonymous_18)
FN:124,(anonymous_19)
FN:153,usePatients
FNF:14
FNH:0
FNDA:0,PatientProvider
FNDA:0,(anonymous_8)
FNDA:0,(anonymous_9)
FNDA:0,(anonymous_10)
FNDA:0,(anonymous_11)
FNDA:0,(anonymous_12)
FNDA:0,(anonymous_13)
FNDA:0,(anonymous_14)
FNDA:0,(anonymous_15)
FNDA:0,(anonymous_16)
FNDA:0,(anonymous_17)
FNDA:0,(anonymous_18)
FNDA:0,(anonymous_19)
FNDA:0,usePatients
DA:1,0
DA:10,0
DA:12,0
DA:36,0
DA:39,0
DA:40,0
DA:41,0
DA:42,0
DA:43,0
DA:44,0
DA:45,0
DA:46,0
DA:47,0
DA:50,0
DA:51,0
DA:52,0
DA:53,0
DA:54,0
DA:55,0
DA:57,0
DA:59,0
DA:64,0
DA:65,0
DA:66,0
DA:67,0
DA:71,0
DA:72,0
DA:73,0
DA:74,0
DA:79,0
DA:80,0
DA:83,0
DA:87,0
DA:88,0
DA:92,0
DA:93,0
DA:95,0
DA:96,0
DA:99,0
DA:100,0
DA:101,0
DA:103,0
DA:111,0
DA:115,0
DA:116,0
DA:117,0
DA:120,0
DA:121,0
DA:124,0
DA:125,0
DA:128,0
DA:153,0
DA:154,0
DA:155,0
DA:156,0
LF:55
LH:0
BRDA:57,0,0,0
BRDA:57,0,1,0
BRDA:66,1,0,0
BRDA:71,2,0,0
BRDA:79,3,0,0
BRDA:88,4,0,0
BRDA:95,5,0,0
BRDA:99,6,0,0
BRDA:103,7,0,0
BRDA:103,7,1,0
BRDA:103,7,2,0
BRDA:103,7,3,0
BRDA:103,7,4,0
BRDA:125,8,0,0
BRDA:155,9,0,0
BRF:15
BRH:0
end_of_record
TN:
SF:apps/patients/src/hooks/useAuth.ts
FN:11,useAuth
FN:15,(anonymous_1)
FN:16,(anonymous_2)
FNF:3
FNH:0
FNDA:0,useAuth
FNDA:0,(anonymous_1)
FNDA:0,(anonymous_2)
DA:1,0
DA:2,0
DA:11,0
DA:12,0
DA:13,0
DA:15,0
DA:16,0
DA:17,0
DA:18,0
DA:19,0
DA:21,0
DA:22,0
DA:23,0
DA:28,0
DA:29,0
DA:32,0
DA:35,0
LF:17
LH:0
BRDA:17,0,0,0
BRDA:21,1,0,0
BRDA:28,2,0,0
BRF:3
BRH:0
end_of_record
TN:
SF:apps/patients/src/hooks/useDebounce.ts
FN:3,useDebounce
FN:5,(anonymous_1)
FN:6,(anonymous_2)
FN:7,(anonymous_3)
FNF:4
FNH:0
FNDA:0,useDebounce
FNDA:0,(anonymous_1)
FNDA:0,(anonymous_2)
FNDA:0,(anonymous_3)
DA:1,0
DA:3,0
DA:4,0
DA:5,0
DA:6,0
DA:7,0
DA:9,0
LF:7
LH:0
BRDA:3,0,0,0
BRF:1
BRH:0
end_of_record
TN:
SF:apps/patients/src/hooks/useLocalStorage.ts
FN:3,useLocalStorage
FN:4,(anonymous_1)
FN:12,(anonymous_2)
FNF:3
FNH:0
FNDA:0,useLocalStorage
FNDA:0,(anonymous_1)
FNDA:0,(anonymous_2)
DA:1,0
DA:3,0
DA:4,0
DA:5,0
DA:6,0
DA:7,0
DA:9,0
DA:12,0
DA:13,0
DA:14,0
DA:17,0
LF:11
LH:0
BRDA:7,0,0,0
BRDA:7,0,1,0
BRF:2
BRH:0
end_of_record
TN:
SF:apps/patients/src/hooks/usePatient.ts
FN:1,(anonymous_0)
FNF:1
FNH:0
FNDA:0,(anonymous_0)
DA:1,0
LF:1
LH:0
BRF:0
BRH:0
end_of_record
TN:
SF:apps/patients/src/pages/PatientDetail/AppointmentsTab.tsx
FN:16,AppointmentsTab
FN:31,(anonymous_2)
FN:44,(anonymous_3)
FN:85,(anonymous_4)
FNF:4
FNH:0
FNDA:0,AppointmentsTab
FNDA:0,(anonymous_2)
FNDA:0,(anonymous_3)
FNDA:0,(anonymous_4)
DA:2,0
DA:3,0
DA:9,0
DA:16,0
DA:17,0
DA:18,0
DA:26,0
DA:32,0
DA:44,0
DA:85,0
DA:86,0
LF:11
LH:0
BRDA:17,0,0,0
BRDA:58,1,0,0
BRDA:58,1,1,0
BRDA:63,2,0,0
BRDA:63,2,1,0
BRDA:63,3,0,0
BRDA:63,3,1,0
BRF:7
BRH:0
end_of_record
TN:
SF:apps/patients/src/pages/PatientDetail/ContactPanel.tsx
FN:7,ContactPanel
FN:26,(anonymous_1)
FN:52,(anonymous_2)
FN:57,(anonymous_3)
FN:63,(anonymous_4)
FN:72,(anonymous_5)
FNF:6
FNH:0
FNDA:0,ContactPanel
FNDA:0,(anonymous_1)
FNDA:0,(anonymous_2)
FNDA:0,(anonymous_3)
FNDA:0,(anonymous_4)
FNDA:0,(anonymous_5)
DA:7,0
DA:8,0
DA:15,0
DA:27,0
DA:51,0
DA:52,0
DA:53,0
DA:57,0
DA:58,0
DA:63,0
DA:64,0
DA:72,0
DA:73,0
LF:13
LH:0
BRDA:12,0,0,0
BRDA:12,0,1,0
BRDA:12,1,0,0
BRDA:12,1,1,0
BRF:4
BRH:0
end_of_record
TN:
SF:apps/patients/src/pages/PatientDetail/NotesTab.tsx
FN:17,makeNote
FN:32,NotesTab
FN:33,(anonymous_10)
FN:38,(anonymous_11)
FN:38,(anonymous_12)
FN:42,(anonymous_13)
FN:43,(anonymous_14)
FN:47,(anonymous_15)
FN:50,(anonymous_16)
FN:51,(anonymous_17)
FN:51,(anonymous_18)
FN:61,(anonymous_19)
FN:111,(anonymous_20)
FN:139,(anonymous_21)
FN:157,(anonymous_22)
FNF:15
FNH:0
FNDA:0,makeNote
FNDA:0,NotesTab
FNDA:0,(anonymous_10)
FNDA:0,(anonymous_11)
FNDA:0,(anonymous_12)
FNDA:0,(anonymous_13)
FNDA:0,(anonymous_14)
FNDA:0,(anonymous_15)
FNDA:0,(anonymous_16)
FNDA:0,(anonymous_17)
FNDA:0,(anonymous_18)
FNDA:0,(anonymous_19)
FNDA:0,(anonymous_20)
FNDA:0,(anonymous_21)
FNDA:0,(anonymous_22)
DA:1,0
DA:2,0
DA:4,0
DA:18,0
DA:32,0
DA:33,0
DA:34,0
DA:35,0
DA:36,0
DA:38,0
DA:39,0
DA:40,0
DA:42,0
DA:43,0
DA:44,0
DA:45,0
DA:46,0
DA:47,0
DA:50,0
DA:51,0
DA:54,0
DA:61,0
DA:112,0
DA:139,0
DA:157,0
DA:158,0
LF:26
LH:0
BRDA:33,0,0,0
BRDA:33,0,1,0
BRDA:39,1,0,0
BRDA:76,2,0,0
BRDA:76,2,1,0
BRDA:87,3,0,0
BRDA:87,3,1,0
BRDA:97,4,0,0
BRDA:97,4,1,0
BRDA:109,5,0,0
BRDA:109,5,1,0
BRF:11
BRH:0
end_of_record
TN:
SF:apps/patients/src/pages/PatientDetail/OverviewTab.tsx
FN:15,OverviewTab
FN:44,(anonymous_1)
FN:74,(anonymous_2)
FN:100,norm
FN:104,mockActivity
FNF:5
FNH:0
FNDA:0,OverviewTab
FNDA:0,(anonymous_1)
FNDA:0,(anonymous_2)
FNDA:0,norm
FNDA:0,mockActivity
DA:2,0
DA:15,0
DA:17,0
DA:25,0
DA:44,0
DA:75,0
DA:101,0
DA:105,0
LF:8
LH:0
BRDA:65,0,0,0
BRDA:65,0,1,0
BRDA:65,1,0,0
BRDA:65,1,1,0
BRF:4
BRH:0
end_of_record
TN:
SF:apps/patients/src/pages/PatientDetail/PatientDetailPage.tsx
FN:25,PatientDetailPage
FN:37,(anonymous_2)
FN:43,(anonymous_3)
FN:49,(anonymous_4)
FN:51,(anonymous_5)
FN:54,(anonymous_6)
FN:58,(anonymous_7)
FN:235,(anonymous_8)
FN:238,(anonymous_9)
FN:267,QuickStat
FN:283,PulsingDot
FN:299,(anonymous_12)
FN:311,(anonymous_13)
FN:322,(anonymous_14)
FNF:14
FNH:0
FNDA:0,PatientDetailPage
FNDA:0,(anonymous_2)
FNDA:0,(anonymous_3)
FNDA:0,(anonymous_4)
FNDA:0,(anonymous_5)
FNDA:0,(anonymous_6)
FNDA:0,(anonymous_7)
FNDA:0,(anonymous_8)
FNDA:0,(anonymous_9)
FNDA:0,QuickStat
FNDA:0,PulsingDot
FNDA:0,(anonymous_12)
FNDA:0,(anonymous_13)
FNDA:0,(anonymous_14)
DA:1,0
DA:2,0
DA:3,0
DA:4,0
DA:5,0
DA:6,0
DA:8,0
DA:9,0
DA:10,0
DA:11,0
DA:12,0
DA:13,0
DA:18,0
DA:25,0
DA:26,0
DA:27,0
DA:28,0
DA:30,0
DA:31,0
DA:32,0
DA:33,0
DA:34,0
DA:37,0
DA:38,0
DA:39,0
DA:40,0
DA:42,0
DA:44,0
DA:45,0
DA:46,0
DA:48,0
DA:49,0
DA:52,0
DA:54,0
DA:58,0
DA:59,0
DA:60,0
DA:64,0
DA:65,0
DA:79,0
DA:80,0
DA:91,0
DA:92,0
DA:114,0
DA:236,0
DA:238,0
DA:268,0
DA:284,0
DA:299,0
DA:300,0
DA:311,0
DA:312,0
DA:322,0
DA:323,0
LF:54
LH:0
BRDA:38,0,0,0
BRDA:38,1,0,0
BRDA:38,1,1,0
BRDA:44,2,0,0
BRDA:64,3,0,0
BRDA:79,4,0,0
BRDA:91,5,0,0
BRDA:91,6,0,0
BRDA:91,6,1,0
BRDA:104,7,0,0
BRDA:104,7,1,0
BRDA:104,8,0,0
BRDA:104,8,1,0
BRDA:141,9,0,0
BRDA:141,9,1,0
BRDA:145,10,0,0
BRDA:145,10,1,0
BRDA:165,11,0,0
BRDA:165,11,1,0
BRDA:216,12,0,0
BRDA:216,12,1,0
BRDA:216,13,0,0
BRDA:216,13,1,0
BRDA:244,14,0,0
BRDA:244,14,1,0
BRDA:256,15,0,0
BRDA:256,15,1,0
BRDA:257,16,0,0
BRDA:257,16,1,0
BRDA:258,17,0,0
BRDA:258,17,1,0
BRDA:274,18,0,0
BRDA:274,18,1,0
BRF:33
BRH:0
end_of_record
TN:
SF:apps/patients/src/pages/PatientDetail/VitalsPanel.tsx
FN:18,status
FN:30,VitalsPanel
FN:90,(anonymous_3)
FN:149,(anonymous_4)
FN:158,(anonymous_5)
FN:163,(anonymous_6)
FN:172,(anonymous_7)
FN:182,(anonymous_8)
FNF:8
FNH:0
FNDA:0,status
FNDA:0,VitalsPanel
FNDA:0,(anonymous_3)
FNDA:0,(anonymous_4)
FNDA:0,(anonymous_5)
FNDA:0,(anonymous_6)
FNDA:0,(anonymous_7)
FNDA:0,(anonymous_8)
DA:2,0
DA:19,0
DA:20,0
DA:21,0
DA:24,0
DA:30,0
DA:31,0
DA:79,0
DA:91,0
DA:92,0
DA:93,0
DA:98,0
DA:148,0
DA:149,0
DA:150,0
DA:158,0
DA:159,0
DA:163,0
DA:164,0
DA:172,0
DA:173,0
DA:182,0
DA:183,0
LF:23
LH:0
BRDA:19,0,0,0
BRDA:20,1,0,0
BRF:2
BRH:0
end_of_record
TN:
SF:apps/patients/src/pages/Patients/PatientGrid.tsx
FN:12,vitalColor
FN:17,PatientCard
FN:30,(anonymous_3)
FN:31,(anonymous_4)
FN:168,PatientGrid
FN:171,(anonymous_6)
FN:198,(anonymous_7)
FN:206,VitalPill
FN:229,(anonymous_9)
FN:238,(anonymous_10)
FN:252,(anonymous_11)
FNF:11
FNH:0
FNDA:0,vitalColor
FNDA:0,PatientCard
FNDA:0,(anonymous_3)
FNDA:0,(anonymous_4)
FNDA:0,PatientGrid
FNDA:0,(anonymous_6)
FNDA:0,(anonymous_7)
FNDA:0,VitalPill
FNDA:0,(anonymous_9)
FNDA:0,(anonymous_10)
FNDA:0,(anonymous_11)
DA:1,0
DA:2,0
DA:3,0
DA:5,0
DA:13,0
DA:26,0
DA:30,0
DA:31,0
DA:168,0
DA:169,0
DA:171,0
DA:172,0
DA:173,0
DA:176,0
DA:177,0
DA:196,0
DA:199,0
DA:217,0
DA:229,0
DA:230,0
DA:238,0
DA:239,0
DA:252,0
DA:253,0
LF:24
LH:0
BRDA:13,0,0,0
BRDA:13,0,1,0
BRDA:13,1,0,0
BRDA:13,1,1,0
BRDA:31,2,0,0
BRDA:31,2,1,0
BRDA:31,2,2,0
BRDA:45,3,0,0
BRDA:45,3,1,0
BRDA:50,4,0,0
BRDA:50,4,1,0
BRDA:135,5,0,0
BRDA:135,5,1,0
BRDA:176,6,0,0
BRF:14
BRH:0
end_of_record
TN:
SF:apps/patients/src/pages/Patients/PatientTable.tsx
FN:41,sortPatients
FN:42,(anonymous_2)
FN:66,SortIcon
FN:99,PatientTable
FN:107,(anonymous_5)
FN:108,(anonymous_6)
FN:113,(anonymous_7)
FN:116,(anonymous_8)
FN:133,(anonymous_9)
FN:147,(anonymous_10)
FN:170,(anonymous_11)
FN:180,PatientRow
FN:183,(anonymous_13)
FN:265,(anonymous_14)
FN:283,EmptyRow
FN:310,(anonymous_16)
FN:322,(anonymous_17)
FNF:17
FNH:0
FNDA:0,sortPatients
FNDA:0,(anonymous_2)
FNDA:0,SortIcon
FNDA:0,PatientTable
FNDA:0,(anonymous_5)
FNDA:0,(anonymous_6)
FNDA:0,(anonymous_7)
FNDA:0,(anonymous_8)
FNDA:0,(anonymous_9)
FNDA:0,(anonymous_10)
FNDA:0,(anonymous_11)
FNDA:0,PatientRow
FNDA:0,(anonymous_13)
FNDA:0,(anonymous_14)
FNDA:0,EmptyRow
FNDA:0,(anonymous_16)
FNDA:0,(anonymous_17)
DA:1,0
DA:2,0
DA:3,0
DA:4,0
DA:6,0
DA:29,0
DA:42,0
DA:43,0
DA:44,0
DA:46,0
DA:47,0
DA:49,0
DA:50,0
DA:52,0
DA:53,0
DA:55,0
DA:56,0
DA:58,0
DA:59,0
DA:61,0
DA:67,0
DA:99,0
DA:100,0
DA:102,0
DA:107,0
DA:108,0
DA:109,0
DA:113,0
DA:115,0
DA:117,0
DA:118,0
DA:123,0
DA:134,0
DA:147,0
DA:170,0
DA:181,0
DA:183,0
DA:266,0
DA:267,0
DA:284,0
DA:310,0
DA:311,0
DA:322,0
DA:323,0
LF:44
LH:0
BRDA:44,0,0,0
BRDA:44,0,1,0
BRDA:44,0,2,0
BRDA:44,0,3,0
BRDA:44,0,4,0
BRDA:61,1,0,0
BRDA:61,1,1,0
BRDA:71,2,0,0
BRDA:71,2,1,0
BRDA:78,3,0,0
BRDA:78,3,1,0
BRDA:78,4,0,0
BRDA:78,4,1,0
BRDA:88,5,0,0
BRDA:88,5,1,0
BRDA:88,6,0,0
BRDA:88,6,1,0
BRDA:109,7,0,0
BRDA:109,7,1,0
BRDA:109,8,0,0
BRDA:109,8,1,0
BRDA:139,9,0,0
BRDA:139,9,1,0
BRDA:140,10,0,0
BRDA:140,10,1,0
BRDA:141,11,0,0
BRDA:141,11,1,0
BRDA:142,12,0,0
BRDA:142,12,1,0
BRDA:143,13,0,0
BRDA:143,13,1,0
BRDA:144,14,0,0
BRDA:144,14,1,0
BRDA:147,15,0,0
BRDA:147,15,1,0
BRDA:149,16,0,0
BRDA:149,16,1,0
BRDA:149,17,0,0
BRDA:149,17,1,0
BRDA:150,18,0,0
BRDA:150,18,1,0
BRDA:158,19,0,0
BRDA:158,19,1,0
BRDA:167,20,0,0
BRDA:167,20,1,0
BRDA:187,21,0,0
BRDA:187,21,1,0
BRDA:220,22,0,0
BRDA:220,22,1,0
BRDA:221,23,0,0
BRDA:221,23,1,0
BRDA:222,24,0,0
BRDA:222,24,1,0
BRDA:232,25,0,0
BRDA:232,25,1,0
BRF:55
BRH:0
end_of_record
TN:
SF:apps/patients/src/pages/Patients/PatientsPage.tsx
FN:23,PatientsPage
FN:40,(anonymous_2)
FN:53,(anonymous_3)
FN:63,(anonymous_4)
FN:64,(anonymous_5)
FN:69,(anonymous_6)
FN:71,(anonymous_7)
FN:80,(anonymous_8)
FN:111,(anonymous_9)
FN:146,(anonymous_10)
FN:154,(anonymous_11)
FN:155,(anonymous_12)
FN:163,(anonymous_13)
FN:204,(anonymous_14)
FN:207,(anonymous_15)
FN:234,(anonymous_16)
FN:234,(anonymous_17)
FN:237,(anonymous_18)
FN:246,(anonymous_19)
FN:253,(anonymous_20)
FN:253,(anonymous_21)
FN:264,Select
FN:278,(anonymous_23)
FN:284,(anonymous_24)
FN:293,PageBtn
FN:320,EmptyState
FN:344,PulsingDot
FN:360,getPageNumbers
FN:361,(anonymous_29)
FNF:29
FNH:0
FNDA:0,PatientsPage
FNDA:0,(anonymous_2)
FNDA:0,(anonymous_3)
FNDA:0,(anonymous_4)
FNDA:0,(anonymous_5)
FNDA:0,(anonymous_6)
FNDA:0,(anonymous_7)
FNDA:0,(anonymous_8)
FNDA:0,(anonymous_9)
FNDA:0,(anonymous_10)
FNDA:0,(anonymous_11)
FNDA:0,(anonymous_12)
FNDA:0,(anonymous_13)
FNDA:0,(anonymous_14)
FNDA:0,(anonymous_15)
FNDA:0,(anonymous_16)
FNDA:0,(anonymous_17)
FNDA:0,(anonymous_18)
FNDA:0,(anonymous_19)
FNDA:0,(anonymous_20)
FNDA:0,(anonymous_21)
FNDA:0,Select
FNDA:0,(anonymous_23)
FNDA:0,(anonymous_24)
FNDA:0,PageBtn
FNDA:0,EmptyState
FNDA:0,PulsingDot
FNDA:0,getPageNumbers
FNDA:0,(anonymous_29)
DA:1,0
DA:2,0
DA:3,0
DA:4,0
DA:5,0
DA:6,0
DA:7,0
DA:9,0
DA:12,0
DA:20,0
DA:23,0
DA:33,0
DA:36,0
DA:37,0
DA:40,0
DA:41,0
DA:45,0
DA:48,0
DA:53,0
DA:54,0
DA:55,0
DA:59,0
DA:60,0
DA:63,0
DA:64,0
DA:65,0
DA:69,0
DA:70,0
DA:71,0
DA:75,0
DA:76,0
DA:77,0
DA:80,0
DA:81,0
DA:85,0
DA:86,0
DA:99,0
DA:100,0
DA:112,0
DA:133,0
DA:146,0
DA:154,0
DA:155,0
DA:163,0
DA:205,0
DA:208,0
DA:209,0
DA:234,0
DA:238,0
DA:246,0
DA:253,0
DA:275,0
DA:278,0
DA:285,0
DA:304,0
DA:321,0
DA:345,0
DA:361,0
DA:362,0
DA:363,0
DA:364,0
LF:61
LH:0
BRDA:70,0,0,0
BRDA:85,1,0,0
BRDA:99,2,0,0
BRDA:164,3,0,0
BRDA:164,3,1,0
BRDA:174,4,0,0
BRDA:174,4,1,0
BRDA:184,5,0,0
BRDA:184,5,1,0
BRDA:186,6,0,0
BRDA:186,6,1,0
BRDA:194,7,0,0
BRDA:194,7,1,0
BRDA:213,8,0,0
BRDA:213,8,1,0
BRDA:238,9,0,0
BRDA:238,9,1,0
BRDA:312,10,0,0
BRDA:312,10,1,0
BRDA:335,11,0,0
BRDA:335,11,1,0
BRDA:361,12,0,0
BRDA:362,13,0,0
BRDA:363,14,0,0
BRF:24
BRH:0
end_of_record
TN:
SF:apps/patients/src/routes/AppRouter.tsx
FN:7,(anonymous_9)
FN:7,(anonymous_10)
FN:8,(anonymous_11)
FN:8,(anonymous_12)
FN:11,ListSkeleton
FN:24,(anonymous_14)
FN:32,DetailSkeleton
FN:83,RouterWithProvider
FNF:8
FNH:0
FNDA:0,(anonymous_9)
FNDA:0,(anonymous_10)
FNDA:0,(anonymous_11)
FNDA:0,(anonymous_12)
FNDA:0,ListSkeleton
FNDA:0,(anonymous_14)
FNDA:0,DetailSkeleton
FNDA:0,RouterWithProvider
DA:1,0
DA:2,0
DA:3,0
DA:4,0
DA:7,0
DA:8,0
DA:12,0
DA:25,0
DA:33,0
DA:58,0
DA:84,0
DA:91,0
LF:12
LH:0
BRF:0
BRH:0
end_of_record
TN:
SF:apps/shell/src/App.tsx
FN:5,App
FNF:1
FNH:0
FNDA:0,App
DA:1,0
DA:2,0
DA:3,0
DA:5,0
DA:6,0
LF:5
LH:0
BRF:0
BRH:0
end_of_record
TN:
SF:apps/shell/src/main.tsx
FNF:0
FNH:0
DA:1,0
DA:2,0
DA:3,0
DA:4,0
DA:6,0
LF:5
LH:0
BRF:0
BRH:0
end_of_record
TN:
SF:apps/shell/src/components/layout/AppLayout.tsx
FN:12,AppLayout
FN:13,(anonymous_2)
FN:36,(anonymous_3)
FN:37,(anonymous_4)
FN:46,(anonymous_5)
FN:48,(anonymous_6)
FN:55,(anonymous_7)
FN:75,(anonymous_8)
FN:75,(anonymous_9)
FN:93,(anonymous_10)
FN:113,MobileTab
FN:118,(anonymous_12)
FNF:12
FNH:0
FNDA:0,AppLayout
FNDA:0,(anonymous_2)
FNDA:0,(anonymous_3)
FNDA:0,(anonymous_4)
FNDA:0,(anonymous_5)
FNDA:0,(anonymous_6)
FNDA:0,(anonymous_7)
FNDA:0,(anonymous_8)
FNDA:0,(anonymous_9)
FNDA:0,(anonymous_10)
FNDA:0,MobileTab
FNDA:0,(anonymous_12)
DA:3,0
DA:4,0
DA:5,0
DA:6,0
DA:7,0
DA:8,0
DA:10,0
DA:12,0
DA:13,0
DA:14,0
DA:15,0
DA:17,0
DA:20,0
DA:23,0
DA:24,0
DA:27,0
DA:36,0
DA:37,0
DA:38,0
DA:39,0
DA:40,0
DA:42,0
DA:46,0
DA:47,0
DA:48,0
DA:49,0
DA:50,0
DA:51,0
DA:52,0
DA:54,0
DA:55,0
DA:58,0
DA:75,0
DA:93,0
DA:112,0
DA:114,0
DA:119,0
LF:37
LH:0
BRDA:47,0,0,0
BRDA:51,1,0,0
BRDA:51,2,0,0
BRDA:51,2,1,0
BRDA:51,2,2,0
BRDA:51,2,3,0
BRDA:65,3,0,0
BRDA:65,3,1,0
BRDA:84,4,0,0
BRDA:84,4,1,0
BRDA:122,5,0,0
BRDA:122,5,1,0
BRF:12
BRH:0
end_of_record
TN:
SF:apps/shell/src/components/layout/AuthGuard.tsx
FN:6,AuthGuard
FNF:1
FNH:0
FNDA:0,AuthGuard
DA:2,0
DA:3,0
DA:4,0
DA:6,0
DA:7,0
DA:8,0
DA:11,0
DA:12,0
DA:20,0
DA:21,0
DA:25,0
LF:11
LH:0
BRDA:11,0,0,0
BRDA:20,1,0,0
BRF:2
BRH:0
end_of_record
TN:
SF:apps/shell/src/components/layout/MFEFrame.tsx
FN:18,postToIframe
FN:23,MFEFrame
FN:34,(anonymous_19)
FN:34,(anonymous_20)
FN:42,(anonymous_21)
FN:54,(anonymous_22)
FN:60,(anonymous_23)
FN:61,(anonymous_24)
FN:101,(anonymous_25)
FN:123,(anonymous_26)
FN:158,(anonymous_27)
FN:199,(anonymous_28)
FNF:12
FNH:0
FNDA:0,postToIframe
FNDA:0,MFEFrame
FNDA:0,(anonymous_19)
FNDA:0,(anonymous_20)
FNDA:0,(anonymous_21)
FNDA:0,(anonymous_22)
FNDA:0,(anonymous_23)
FNDA:0,(anonymous_24)
FNDA:0,(anonymous_25)
FNDA:0,(anonymous_26)
FNDA:0,(anonymous_27)
FNDA:0,(anonymous_28)
DA:1,0
DA:2,0
DA:3,0
DA:4,0
DA:5,0
DA:7,0
DA:19,0
DA:23,0
DA:24,0
DA:25,0
DA:26,0
DA:27,0
DA:29,0
DA:30,0
DA:31,0
DA:34,0
DA:35,0
DA:36,0
DA:38,0
DA:40,0
DA:42,0
DA:43,0
DA:45,0
DA:50,0
DA:54,0
DA:55,0
DA:56,0
DA:60,0
DA:61,0
DA:63,0
DA:64,0
DA:66,0
DA:67,0
DA:70,0
DA:73,0
DA:76,0
DA:77,0
DA:81,0
DA:87,0
DA:91,0
DA:92,0
DA:96,0
DA:100,0
DA:101,0
DA:104,0
DA:124,0
DA:159,0
DA:160,0
DA:162,0
DA:163,0
DA:199,0
DA:200,0
LF:52
LH:0
BRDA:19,0,0,0
BRDA:19,0,1,0
BRDA:19,1,0,0
BRDA:19,1,1,0
BRDA:19,2,0,0
BRDA:19,2,1,0
BRDA:19,3,0,0
BRDA:19,3,1,0
BRDA:38,4,0,0
BRDA:43,5,0,0
BRDA:43,5,1,0
BRDA:43,6,0,0
BRDA:43,6,1,0
BRDA:43,7,0,0
BRDA:43,7,1,0
BRDA:43,8,0,0
BRDA:43,8,1,0
BRDA:64,9,0,0
BRDA:67,10,0,0
BRDA:67,11,0,0
BRDA:67,11,1,0
BRDA:67,12,0,0
BRDA:67,12,1,0
BRDA:70,13,0,0
BRDA:70,13,1,0
BRDA:70,14,0,0
BRDA:70,14,1,0
BRDA:73,15,0,0
BRDA:73,15,1,0
BRDA:73,15,2,0
BRDA:73,15,3,0
BRDA:116,16,0,0
BRDA:116,16,1,0
BRDA:116,16,2,0
BRDA:139,17,0,0
BRDA:139,17,1,0
BRDA:162,18,0,0
BRDA:187,19,0,0
BRDA:187,19,1,0
BRF:39
BRH:0
end_of_record
TN:
SF:apps/shell/src/components/layout/Sidebar.tsx
FN:21,(anonymous_8)
FN:34,(anonymous_9)
FN:45,(anonymous_10)
FN:55,(anonymous_11)
FN:71,(anonymous_12)
FN:92,Tooltip
FN:117,Sidebar
FN:121,(anonymous_15)
FN:121,(anonymous_16)
FN:174,(anonymous_17)
FN:179,(anonymous_18)
FNF:11
FNH:0
FNDA:0,(anonymous_8)
FNDA:0,(anonymous_9)
FNDA:0,(anonymous_10)
FNDA:0,(anonymous_11)
FNDA:0,(anonymous_12)
FNDA:0,Tooltip
FNDA:0,Sidebar
FNDA:0,(anonymous_15)
FNDA:0,(anonymous_16)
FNDA:0,(anonymous_17)
FNDA:0,(anonymous_18)
DA:1,0
DA:2,0
DA:3,0
DA:4,0
DA:5,0
DA:21,0
DA:22,0
DA:34,0
DA:35,0
DA:45,0
DA:46,0
DA:55,0
DA:56,0
DA:71,0
DA:72,0
DA:85,0
DA:93,0
DA:117,0
DA:118,0
DA:119,0
DA:121,0
DA:122,0
DA:123,0
DA:126,0
DA:176,0
DA:180,0
DA:198,0
LF:27
LH:0
BRDA:59,0,0,0
BRDA:59,0,1,0
BRDA:133,1,0,0
BRDA:133,1,1,0
BRDA:136,2,0,0
BRDA:136,2,1,0
BRDA:161,3,0,0
BRDA:161,3,1,0
BRDA:165,4,0,0
BRDA:165,4,1,0
BRDA:184,5,0,0
BRDA:184,5,1,0
BRDA:185,6,0,0
BRDA:185,6,1,0
BRDA:192,7,0,0
BRDA:192,7,1,0
BRDA:198,8,0,0
BRDA:198,8,1,0
BRDA:209,9,0,0
BRDA:209,9,1,0
BRDA:213,10,0,0
BRDA:213,10,1,0
BRDA:216,11,0,0
BRDA:216,11,1,0
BRF:24
BRH:0
end_of_record
TN:
SF:apps/shell/src/components/layout/TopBar.tsx
FN:23,usePageTitle
FN:30,(anonymous_9)
FN:40,(anonymous_10)
FN:53,(anonymous_11)
FN:65,(anonymous_12)
FN:76,(anonymous_13)
FN:97,(anonymous_14)
FN:119,UserDropdown
FN:131,(anonymous_16)
FN:150,TopBar
FN:159,(anonymous_18)
FN:161,(anonymous_19)
FN:167,(anonymous_20)
FN:170,(anonymous_21)
FN:170,(anonymous_22)
FN:180,(anonymous_23)
FN:187,(anonymous_24)
FN:255,(anonymous_25)
FN:255,(anonymous_26)
FNF:19
FNH:0
FNDA:0,usePageTitle
FNDA:0,(anonymous_9)
FNDA:0,(anonymous_10)
FNDA:0,(anonymous_11)
FNDA:0,(anonymous_12)
FNDA:0,(anonymous_13)
FNDA:0,(anonymous_14)
FNDA:0,UserDropdown
FNDA:0,(anonymous_16)
FNDA:0,TopBar
FNDA:0,(anonymous_18)
FNDA:0,(anonymous_19)
FNDA:0,(anonymous_20)
FNDA:0,(anonymous_21)
FNDA:0,(anonymous_22)
FNDA:0,(anonymous_23)
FNDA:0,(anonymous_24)
FNDA:0,(anonymous_25)
FNDA:0,(anonymous_26)
DA:1,0
DA:2,0
DA:3,0
DA:4,0
DA:5,0
DA:6,0
DA:17,0
DA:24,0
DA:25,0
DA:26,0
DA:30,0
DA:31,0
DA:40,0
DA:41,0
DA:53,0
DA:54,0
DA:65,0
DA:66,0
DA:76,0
DA:77,0
DA:97,0
DA:98,0
DA:120,0
DA:132,0
DA:150,0
DA:151,0
DA:152,0
DA:153,0
DA:154,0
DA:155,0
DA:156,0
DA:159,0
DA:160,0
DA:161,0
DA:162,0
DA:163,0
DA:166,0
DA:167,0
DA:170,0
DA:171,0
DA:172,0
DA:173,0
DA:176,0
DA:181,0
DA:188,0
DA:199,0
DA:255,0
LF:47
LH:0
BRDA:25,0,0,0
BRDA:26,1,0,0
BRDA:26,1,1,0
BRDA:26,2,0,0
BRDA:26,2,1,0
BRDA:126,3,0,0
BRDA:126,3,1,0
BRDA:138,4,0,0
BRDA:138,4,1,0
BRDA:141,5,0,0
BRDA:141,5,1,0
BRDA:160,6,0,0
BRDA:162,7,0,0
BRDA:162,8,0,0
BRDA:162,8,1,0
BRDA:225,9,0,0
BRDA:225,9,1,0
BRDA:228,10,0,0
BRDA:228,10,1,0
BRDA:234,11,0,0
BRDA:234,11,1,0
BRDA:243,12,0,0
BRDA:243,12,1,0
BRDA:252,13,0,0
BRDA:252,13,1,0
BRDA:261,14,0,0
BRDA:261,14,1,0
BRF:27
BRH:0
end_of_record
TN:
SF:apps/shell/src/components/notifications/NotificationItem.tsx
FN:11,relativeTime
FN:97,NotificationItem
FN:101,(anonymous_3)
FNF:3
FNH:0
FNDA:0,relativeTime
FNDA:0,NotificationItem
FNDA:0,(anonymous_3)
DA:1,0
DA:2,0
DA:4,0
DA:12,0
DA:13,0
DA:14,0
DA:15,0
DA:16,0
DA:17,0
DA:18,0
DA:19,0
DA:20,0
DA:21,0
DA:25,0
DA:97,0
DA:98,0
DA:99,0
DA:101,0
DA:102,0
DA:105,0
LF:20
LH:0
BRDA:14,0,0,0
BRDA:16,1,0,0
BRDA:18,2,0,0
BRDA:20,3,0,0
BRDA:99,4,0,0
BRDA:99,4,1,0
BRDA:99,5,0,0
BRDA:99,5,1,0
BRDA:102,6,0,0
BRDA:114,7,0,0
BRDA:114,7,1,0
BRDA:133,8,0,0
BRDA:133,8,1,0
BRDA:145,9,0,0
BRDA:145,9,1,0
BRDA:153,10,0,0
BRDA:153,10,1,0
BRF:17
BRH:0
end_of_record
TN:
SF:apps/shell/src/components/notifications/NotificationPanel.tsx
FN:11,NotificationPanel
FN:14,(anonymous_9)
FN:37,(anonymous_10)
FN:37,(anonymous_11)
FN:104,(anonymous_12)
FN:130,EmptyState
FN:196,(anonymous_14)
FNF:7
FNH:0
FNDA:0,NotificationPanel
FNDA:0,(anonymous_9)
FNDA:0,(anonymous_10)
FNDA:0,(anonymous_11)
FNDA:0,(anonymous_12)
FNDA:0,EmptyState
FNDA:0,(anonymous_14)
DA:1,0
DA:2,0
DA:3,0
DA:4,0
DA:5,0
DA:11,0
DA:12,0
DA:14,0
DA:15,0
DA:16,0
DA:19,0
DA:37,0
DA:38,0
DA:39,0
DA:40,0
DA:41,0
DA:42,0
DA:43,0
DA:47,0
DA:48,0
DA:49,0
DA:50,0
DA:51,0
DA:59,0
DA:62,0
DA:63,0
DA:64,0
DA:66,0
DA:69,0
DA:105,0
DA:131,0
DA:196,0
DA:197,0
LF:33
LH:0
BRDA:29,0,0,0
BRDA:29,0,1,0
BRDA:39,1,0,0
BRDA:41,2,0,0
BRDA:49,3,0,0
BRDA:49,3,1,0
BRDA:76,4,0,0
BRDA:76,4,1,0
BRDA:100,5,0,0
BRDA:100,5,1,0
BRDA:112,6,0,0
BRDA:112,6,1,0
BRF:12
BRH:0
end_of_record
TN:
SF:apps/shell/src/context/AuthContext.tsx
FN:14,postToMFE
FN:37,AuthProvider
FN:43,(anonymous_9)
FN:47,(anonymous_10)
FN:47,(anonymous_11)
FN:49,(anonymous_12)
FN:54,(anonymous_13)
FN:62,(anonymous_14)
FN:63,(anonymous_15)
FN:63,(anonymous_16)
FN:72,(anonymous_17)
FN:73,(anonymous_18)
FN:73,(anonymous_19)
FN:79,(anonymous_20)
FN:82,(anonymous_21)
FN:82,(anonymous_22)
FN:94,(anonymous_23)
FN:94,(anonymous_24)
FN:106,(anonymous_25)
FN:106,(anonymous_26)
FN:123,useAuth
FN:130,friendlyError
FNF:22
FNH:0
FNDA:0,postToMFE
FNDA:0,AuthProvider
FNDA:0,(anonymous_9)
FNDA:0,(anonymous_10)
FNDA:0,(anonymous_11)
FNDA:0,(anonymous_12)
FNDA:0,(anonymous_13)
FNDA:0,(anonymous_14)
FNDA:0,(anonymous_15)
FNDA:0,(anonymous_16)
FNDA:0,(anonymous_17)
FNDA:0,(anonymous_18)
FNDA:0,(anonymous_19)
FNDA:0,(anonymous_20)
FNDA:0,(anonymous_21)
FNDA:0,(anonymous_22)
FNDA:0,(anonymous_23)
FNDA:0,(anonymous_24)
FNDA:0,(anonymous_25)
FNDA:0,(anonymous_26)
FNDA:0,useAuth
FNDA:0,friendlyError
DA:1,0
DA:10,0
DA:15,0
DA:29,0
DA:37,0
DA:38,0
DA:39,0
DA:40,0
DA:42,0
DA:43,0
DA:44,0
DA:47,0
DA:48,0
DA:49,0
DA:50,0
DA:52,0
DA:53,0
DA:54,0
DA:55,0
DA:62,0
DA:63,0
DA:64,0
DA:65,0
DA:66,0
DA:67,0
DA:69,0
DA:72,0
DA:73,0
DA:74,0
DA:75,0
DA:78,0
DA:79,0
DA:82,0
DA:83,0
DA:84,0
DA:85,0
DA:86,0
DA:88,0
DA:89,0
DA:90,0
DA:94,0
DA:95,0
DA:96,0
DA:97,0
DA:98,0
DA:100,0
DA:101,0
DA:102,0
DA:106,0
DA:107,0
DA:108,0
DA:109,0
DA:111,0
DA:115,0
DA:123,0
DA:124,0
DA:125,0
DA:126,0
DA:131,0
DA:132,0
DA:133,0
DA:134,0
DA:135,0
LF:63
LH:0
BRDA:15,0,0,0
BRDA:15,0,1,0
BRDA:15,1,0,0
BRDA:15,1,1,0
BRDA:15,2,0,0
BRDA:15,2,1,0
BRDA:15,3,0,0
BRDA:15,3,1,0
BRDA:37,4,0,0
BRDA:48,5,0,0
BRDA:53,6,0,0
BRDA:74,7,0,0
BRDA:74,8,0,0
BRDA:74,8,1,0
BRDA:74,9,0,0
BRDA:74,9,1,0
BRDA:88,10,0,0
BRDA:88,10,1,0
BRDA:100,11,0,0
BRDA:100,11,1,0
BRDA:125,12,0,0
BRDA:131,13,0,0
BRDA:132,14,0,0
BRDA:133,15,0,0
BRDA:134,16,0,0
BRF:25
BRH:0
end_of_record
TN:
SF:apps/shell/src/context/NotificationContext.tsx
FN:19,makeId
FN:23,fireNativePush
FN:34,NotificationProvider
FN:37,(anonymous_10)
FN:41,(anonymous_11)
FN:48,(anonymous_12)
FN:58,(anonymous_13)
FN:59,(anonymous_14)
FN:59,(anonymous_15)
FN:62,(anonymous_16)
FN:63,(anonymous_17)
FN:63,(anonymous_18)
FN:66,(anonymous_19)
FN:70,(anonymous_20)
FN:70,(anonymous_21)
FN:80,(anonymous_22)
FN:81,(anonymous_23)
FN:95,(anonymous_24)
FN:116,useNotifications
FNF:19
FNH:0
FNDA:0,makeId
FNDA:0,fireNativePush
FNDA:0,NotificationProvider
FNDA:0,(anonymous_10)
FNDA:0,(anonymous_11)
FNDA:0,(anonymous_12)
FNDA:0,(anonymous_13)
FNDA:0,(anonymous_14)
FNDA:0,(anonymous_15)
FNDA:0,(anonymous_16)
FNDA:0,(anonymous_17)
FNDA:0,(anonymous_18)
FNDA:0,(anonymous_19)
FNDA:0,(anonymous_20)
FNDA:0,(anonymous_21)
FNDA:0,(anonymous_22)
FNDA:0,(anonymous_23)
FNDA:0,(anonymous_24)
FNDA:0,useNotifications
DA:1,0
DA:16,0
DA:20,0
DA:24,0
DA:25,0
DA:26,0
DA:34,0
DA:35,0
DA:37,0
DA:40,0
DA:42,0
DA:48,0
DA:50,0
DA:51,0
DA:53,0
DA:58,0
DA:59,0
DA:62,0
DA:63,0
DA:66,0
DA:67,0
DA:70,0
DA:71,0
DA:72,0
DA:74,0
DA:75,0
DA:76,0
DA:80,0
DA:81,0
DA:82,0
DA:83,0
DA:86,0
DA:94,0
DA:95,0
DA:98,0
DA:116,0
DA:117,0
DA:118,0
DA:119,0
LF:39
LH:0
BRDA:24,0,0,0
BRDA:25,1,0,0
BRDA:59,2,0,0
BRDA:59,2,1,0
BRDA:71,3,0,0
BRDA:71,4,0,0
BRDA:71,4,1,0
BRDA:74,5,0,0
BRDA:82,6,0,0
BRDA:82,7,0,0
BRDA:82,7,1,0
BRDA:82,8,0,0
BRDA:82,8,1,0
BRDA:118,9,0,0
BRF:14
BRH:0
end_of_record
TN:
SF:apps/shell/src/hooks/useAuth.ts
FN:1,(anonymous_0)
FNF:1
FNH:0
FNDA:0,(anonymous_0)
DA:1,0
LF:1
LH:0
BRF:0
BRH:0
end_of_record
TN:
SF:apps/shell/src/hooks/useDebounce.ts
FN:3,useDebounce
FN:5,(anonymous_1)
FN:6,(anonymous_2)
FN:7,(anonymous_3)
FNF:4
FNH:0
FNDA:0,useDebounce
FNDA:0,(anonymous_1)
FNDA:0,(anonymous_2)
FNDA:0,(anonymous_3)
DA:1,0
DA:3,0
DA:4,0
DA:5,0
DA:6,0
DA:7,0
DA:9,0
LF:7
LH:0
BRDA:3,0,0,0
BRF:1
BRH:0
end_of_record
TN:
SF:apps/shell/src/hooks/useLocalStorage.ts
FN:3,useLocalStorage
FN:4,(anonymous_1)
FN:12,(anonymous_2)
FNF:3
FNH:0
FNDA:0,useLocalStorage
FNDA:0,(anonymous_1)
FNDA:0,(anonymous_2)
DA:1,0
DA:3,0
DA:4,0
DA:5,0
DA:6,0
DA:7,0
DA:9,0
DA:12,0
DA:13,0
DA:14,0
DA:17,0
LF:11
LH:0
BRDA:7,0,0,0
BRDA:7,0,1,0
BRF:2
BRH:0
end_of_record
TN:
SF:apps/shell/src/hooks/useMFEBridge.ts
FN:17,postTo
FN:34,useMFEBridge
FN:44,(anonymous_9)
FN:50,(anonymous_10)
FN:57,(anonymous_11)
FN:64,(anonymous_12)
FN:64,(anonymous_13)
FN:82,(anonymous_14)
FN:89,(anonymous_15)
FN:90,(anonymous_16)
FN:90,(anonymous_17)
FN:138,(anonymous_18)
FN:142,(anonymous_19)
FNF:13
FNH:0
FNDA:0,postTo
FNDA:0,useMFEBridge
FNDA:0,(anonymous_9)
FNDA:0,(anonymous_10)
FNDA:0,(anonymous_11)
FNDA:0,(anonymous_12)
FNDA:0,(anonymous_13)
FNDA:0,(anonymous_14)
FNDA:0,(anonymous_15)
FNDA:0,(anonymous_16)
FNDA:0,(anonymous_17)
FNDA:0,(anonymous_18)
FNDA:0,(anonymous_19)
DA:1,0
DA:2,0
DA:3,0
DA:4,0
DA:5,0
DA:9,0
DA:11,0
DA:12,0
DA:14,0
DA:18,0
DA:34,0
DA:38,0
DA:39,0
DA:40,0
DA:43,0
DA:44,0
DA:45,0
DA:49,0
DA:51,0
DA:56,0
DA:58,0
DA:64,0
DA:65,0
DA:66,0
DA:67,0
DA:68,0
DA:69,0
DA:70,0
DA:74,0
DA:75,0
DA:77,0
DA:82,0
DA:83,0
DA:84,0
DA:85,0
DA:89,0
DA:90,0
DA:92,0
DA:94,0
DA:95,0
DA:97,0
DA:98,0
DA:100,0
DA:103,0
DA:104,0
DA:105,0
DA:110,0
DA:111,0
DA:112,0
DA:113,0
DA:118,0
DA:119,0
DA:120,0
DA:126,0
DA:130,0
DA:134,0
DA:137,0
DA:138,0
DA:142,0
DA:143,0
DA:144,0
DA:146,0
DA:150,0
LF:63
LH:0
BRDA:18,0,0,0
BRDA:18,0,1,0
BRDA:18,1,0,0
BRDA:18,1,1,0
BRDA:18,2,0,0
BRDA:18,2,1,0
BRDA:18,3,0,0
BRDA:18,3,1,0
BRDA:66,4,0,0
BRDA:69,5,0,0
BRDA:92,6,0,0
BRDA:95,7,0,0
BRDA:95,8,0,0
BRDA:95,8,1,0
BRDA:95,9,0,0
BRDA:95,9,1,0
BRDA:100,10,0,0
BRDA:100,10,1,0
BRDA:100,10,2,0
BRDA:100,10,3,0
BRDA:103,11,0,0
BRDA:103,11,1,0
BRDA:143,12,0,0
BRDA:143,12,1,0
BRF:24
BRH:0
end_of_record
TN:
SF:apps/shell/src/hooks/useNotification.ts
FN:1,(anonymous_0)
FNF:1
FNH:0
FNDA:0,(anonymous_0)
DA:1,0
LF:1
LH:0
BRF:0
BRH:0
end_of_record
TN:
SF:apps/shell/src/pages/AnalyticsEmbed.tsx
FN:4,AnalyticsEmbed
FNF:1
FNH:0
FNDA:0,AnalyticsEmbed
DA:1,0
DA:2,0
DA:4,0
DA:5,0
LF:4
LH:0
BRF:0
BRH:0
end_of_record
TN:
SF:apps/shell/src/pages/DashboardEmbed.tsx
FN:4,DashboardEmbed
FNF:1
FNH:0
FNDA:0,DashboardEmbed
DA:1,0
DA:2,0
DA:4,0
DA:5,0
LF:4
LH:0
BRF:0
BRH:0
end_of_record
TN:
SF:apps/shell/src/pages/PatientsEmbed.tsx
FN:5,PatientsEmbed
FNF:1
FNH:0
FNDA:0,PatientsEmbed
DA:1,0
DA:2,0
DA:3,0
DA:5,0
DA:6,0
DA:7,0
DA:9,0
LF:7
LH:0
BRDA:7,0,0,0
BRDA:7,0,1,0
BRF:2
BRH:0
end_of_record
TN:
SF:apps/shell/src/pages/Auth/LoginPage.tsx
FN:21,validate
FN:34,LoginPage
FN:41,(anonymous_10)
FN:53,(anonymous_11)
FN:54,(anonymous_12)
FN:61,(anonymous_13)
FN:62,(anonymous_14)
FN:65,(anonymous_15)
FN:72,(anonymous_16)
FN:72,(anonymous_17)
FN:91,(anonymous_18)
FN:155,(anonymous_19)
FN:156,(anonymous_20)
FN:169,(anonymous_21)
FN:170,(anonymous_22)
FN:177,(anonymous_23)
FN:177,(anonymous_24)
FN:264,(anonymous_25)
FN:276,(anonymous_26)
FN:289,(anonymous_27)
FN:312,(anonymous_28)
FN:324,(anonymous_29)
FNF:22
FNH:0
FNDA:0,validate
FNDA:0,LoginPage
FNDA:0,(anonymous_10)
FNDA:0,(anonymous_11)
FNDA:0,(anonymous_12)
FNDA:0,(anonymous_13)
FNDA:0,(anonymous_14)
FNDA:0,(anonymous_15)
FNDA:0,(anonymous_16)
FNDA:0,(anonymous_17)
FNDA:0,(anonymous_18)
FNDA:0,(anonymous_19)
FNDA:0,(anonymous_20)
FNDA:0,(anonymous_21)
FNDA:0,(anonymous_22)
FNDA:0,(anonymous_23)
FNDA:0,(anonymous_24)
FNDA:0,(anonymous_25)
FNDA:0,(anonymous_26)
FNDA:0,(anonymous_27)
FNDA:0,(anonymous_28)
FNDA:0,(anonymous_29)
DA:1,0
DA:2,0
DA:3,0
DA:4,0
DA:5,0
DA:19,0
DA:22,0
DA:23,0
DA:24,0
DA:25,0
DA:26,0
DA:27,0
DA:31,0
DA:34,0
DA:35,0
DA:36,0
DA:37,0
DA:38,0
DA:41,0
DA:42,0
DA:45,0
DA:46,0
DA:47,0
DA:48,0
DA:49,0
DA:52,0
DA:54,0
DA:55,0
DA:60,0
DA:62,0
DA:64,0
DA:65,0
DA:71,0
DA:72,0
DA:73,0
DA:75,0
DA:76,0
DA:77,0
DA:78,0
DA:80,0
DA:81,0
DA:82,0
DA:83,0
DA:85,0
DA:91,0
DA:92,0
DA:93,0
DA:94,0
DA:97,0
DA:100,0
DA:102,0
DA:155,0
DA:156,0
DA:169,0
DA:170,0
DA:177,0
DA:264,0
DA:265,0
DA:276,0
DA:277,0
DA:289,0
DA:290,0
DA:312,0
DA:313,0
DA:324,0
DA:325,0
LF:66
LH:0
BRDA:23,0,0,0
BRDA:23,0,1,0
BRDA:24,1,0,0
BRDA:25,2,0,0
BRDA:25,2,1,0
BRDA:26,3,0,0
BRDA:38,4,0,0
BRDA:38,4,1,0
BRDA:38,5,0,0
BRDA:38,5,1,0
BRDA:38,6,0,0
BRDA:38,6,1,0
BRDA:38,7,0,0
BRDA:38,7,1,0
BRDA:38,8,0,0
BRDA:38,8,1,0
BRDA:38,9,0,0
BRDA:38,9,1,0
BRDA:42,10,0,0
BRDA:42,11,0,0
BRDA:42,11,1,0
BRDA:64,12,0,0
BRDA:78,13,0,0
BRDA:97,14,0,0
BRDA:97,14,1,0
BRDA:100,15,0,0
BRDA:157,16,0,0
BRDA:157,16,1,0
BRDA:165,17,0,0
BRDA:165,17,1,0
BRDA:171,18,0,0
BRDA:171,18,1,0
BRDA:178,19,0,0
BRDA:178,19,1,0
BRDA:181,20,0,0
BRDA:181,20,1,0
BRDA:187,21,0,0
BRDA:187,21,1,0
BRDA:209,22,0,0
BRDA:209,22,1,0
BRF:40
BRH:0
end_of_record
TN:
SF:apps/shell/src/pages/Auth/SignupPage.tsx
FN:23,validate
FN:39,SignupPage
FN:46,(anonymous_9)
FN:58,(anonymous_10)
FN:59,(anonymous_11)
FN:66,(anonymous_12)
FN:67,(anonymous_13)
FN:69,(anonymous_14)
FN:76,(anonymous_15)
FN:76,(anonymous_16)
FN:133,(anonymous_17)
FN:134,(anonymous_18)
FN:145,(anonymous_19)
FN:146,(anonymous_20)
FN:153,(anonymous_21)
FN:153,(anonymous_22)
FN:166,(anonymous_23)
FN:167,(anonymous_24)
FN:208,(anonymous_25)
FN:214,(anonymous_26)
FN:221,(anonymous_27)
FN:228,(anonymous_28)
FNF:22
FNH:0
FNDA:0,validate
FNDA:0,SignupPage
FNDA:0,(anonymous_9)
FNDA:0,(anonymous_10)
FNDA:0,(anonymous_11)
FNDA:0,(anonymous_12)
FNDA:0,(anonymous_13)
FNDA:0,(anonymous_14)
FNDA:0,(anonymous_15)
FNDA:0,(anonymous_16)
FNDA:0,(anonymous_17)
FNDA:0,(anonymous_18)
FNDA:0,(anonymous_19)
FNDA:0,(anonymous_20)
FNDA:0,(anonymous_21)
FNDA:0,(anonymous_22)
FNDA:0,(anonymous_23)
FNDA:0,(anonymous_24)
FNDA:0,(anonymous_25)
FNDA:0,(anonymous_26)
FNDA:0,(anonymous_27)
FNDA:0,(anonymous_28)
DA:1,0
DA:2,0
DA:3,0
DA:4,0
DA:21,0
DA:24,0
DA:25,0
DA:26,0
DA:28,0
DA:29,0
DA:31,0
DA:32,0
DA:35,0
DA:39,0
DA:40,0
DA:41,0
DA:42,0
DA:43,0
DA:46,0
DA:47,0
DA:50,0
DA:51,0
DA:52,0
DA:53,0
DA:54,0
DA:57,0
DA:59,0
DA:60,0
DA:65,0
DA:67,0
DA:68,0
DA:69,0
DA:75,0
DA:76,0
DA:77,0
DA:78,0
DA:79,0
DA:80,0
DA:81,0
DA:83,0
DA:84,0
DA:85,0
DA:86,0
DA:88,0
DA:94,0
DA:96,0
DA:98,0
DA:133,0
DA:134,0
DA:145,0
DA:146,0
DA:153,0
DA:166,0
DA:167,0
DA:208,0
DA:209,0
DA:214,0
DA:215,0
DA:221,0
DA:222,0
DA:228,0
DA:229,0
LF:62
LH:0
BRDA:25,0,0,0
BRDA:25,0,1,0
BRDA:26,1,0,0
BRDA:28,2,0,0
BRDA:28,2,1,0
BRDA:29,3,0,0
BRDA:31,4,0,0
BRDA:43,5,0,0
BRDA:43,5,1,0
BRDA:43,6,0,0
BRDA:43,6,1,0
BRDA:43,7,0,0
BRDA:43,7,1,0
BRDA:43,8,0,0
BRDA:43,8,1,0
BRDA:43,9,0,0
BRDA:43,9,1,0
BRDA:43,10,0,0
BRDA:43,10,1,0
BRDA:47,11,0,0
BRDA:47,12,0,0
BRDA:47,12,1,0
BRDA:68,13,0,0
BRDA:81,14,0,0
BRDA:94,15,0,0
BRDA:94,15,1,0
BRDA:96,16,0,0
BRDA:135,17,0,0
BRDA:135,17,1,0
BRDA:142,18,0,0
BRDA:142,18,1,0
BRDA:147,19,0,0
BRDA:147,19,1,0
BRDA:156,20,0,0
BRDA:156,20,1,0
BRDA:168,21,0,0
BRDA:168,21,1,0
BRDA:173,22,0,0
BRDA:173,22,1,0
BRDA:189,23,0,0
BRDA:189,23,1,0
BRF:41
BRH:0
end_of_record
TN:
SF:apps/shell/src/routes/AppRouter.tsx
FN:7,(anonymous_10)
FN:7,(anonymous_11)
FN:8,(anonymous_12)
FN:8,(anonymous_13)
FN:9,(anonymous_14)
FN:9,(anonymous_15)
FN:10,(anonymous_16)
FN:10,(anonymous_17)
FN:11,(anonymous_18)
FN:11,(anonymous_19)
FN:12,(anonymous_20)
FN:12,(anonymous_21)
FN:15,PageSkeleton
FN:20,(anonymous_23)
FN:30,SuspenseRoute
FN:117,AppRouter
FNF:16
FNH:0
FNDA:0,(anonymous_10)
FNDA:0,(anonymous_11)
FNDA:0,(anonymous_12)
FNDA:0,(anonymous_13)
FNDA:0,(anonymous_14)
FNDA:0,(anonymous_15)
FNDA:0,(anonymous_16)
FNDA:0,(anonymous_17)
FNDA:0,(anonymous_18)
FNDA:0,(anonymous_19)
FNDA:0,(anonymous_20)
FNDA:0,(anonymous_21)
FNDA:0,PageSkeleton
FNDA:0,(anonymous_23)
FNDA:0,SuspenseRoute
FNDA:0,AppRouter
DA:1,0
DA:2,0
DA:3,0
DA:4,0
DA:5,0
DA:7,0
DA:8,0
DA:9,0
DA:10,0
DA:11,0
DA:12,0
DA:16,0
DA:21,0
DA:31,0
DA:35,0
DA:117,0
DA:118,0
LF:17
LH:0
BRF:0
BRH:0
end_of_record
TN:
SF:apps/shell/src/routes/AuthGuard.tsx
FN:6,AuthGuard
FNF:1
FNH:0
FNDA:0,AuthGuard
DA:2,0
DA:3,0
DA:4,0
DA:6,0
DA:7,0
DA:8,0
DA:10,0
DA:11,0
DA:18,0
DA:19,0
DA:22,0
LF:11
LH:0
BRDA:10,0,0,0
BRDA:18,1,0,0
BRF:2
BRH:0
end_of_record
TN:
SF:apps/shell/src/services/auth.ts
FN:13,toAppUser
FN:23,signIn
FN:28,signUp
FN:33,signOut
FN:37,resetPassword
FN:41,subscribeToAuthState
FN:42,(anonymous_17)
FN:45,getIdToken
FNF:8
FNH:0
FNDA:0,toAppUser
FNDA:0,signIn
FNDA:0,signUp
FNDA:0,signOut
FNDA:0,resetPassword
FNDA:0,subscribeToAuthState
FNDA:0,(anonymous_17)
FNDA:0,getIdToken
DA:1,0
DA:9,0
DA:13,0
DA:14,0
DA:23,0
DA:24,0
DA:25,0
DA:28,0
DA:29,0
DA:30,0
DA:33,0
DA:34,0
DA:37,0
DA:38,0
DA:41,0
DA:42,0
DA:45,0
DA:46,0
DA:47,0
DA:48,0
LF:20
LH:0
BRDA:16,0,0,0
BRDA:16,0,1,0
BRDA:16,1,0,0
BRDA:16,1,1,0
BRDA:17,2,0,0
BRDA:17,2,1,0
BRDA:17,3,0,0
BRDA:17,3,1,0
BRDA:17,4,0,0
BRDA:17,4,1,0
BRDA:17,5,0,0
BRDA:17,5,1,0
BRDA:17,6,0,0
BRDA:17,6,1,0
BRDA:17,7,0,0
BRDA:17,7,1,0
BRDA:19,8,0,0
BRDA:19,8,1,0
BRDA:19,9,0,0
BRDA:19,9,1,0
BRDA:42,10,0,0
BRDA:42,10,1,0
BRDA:47,11,0,0
BRF:23
BRH:0
end_of_record
TN:
SF:apps/shell/src/services/notificationService.ts
FN:77,requestPermission
FN:88,showLocalNotification
FN:110,(anonymous_10)
FN:118,sendToServiceWorker
FN:132,simulatePush
FN:142,fireRandomNotification
FN:146,(anonymous_15)
FN:165,stopSimulation
FN:173,isSimulating
FNF:9
FNH:0
FNDA:0,requestPermission
FNDA:0,showLocalNotification
FNDA:0,(anonymous_10)
FNDA:0,sendToServiceWorker
FNDA:0,simulatePush
FNDA:0,fireRandomNotification
FNDA:0,(anonymous_15)
FNDA:0,stopSimulation
FNDA:0,isSimulating
DA:14,0
DA:74,0
DA:77,0
DA:78,0
DA:79,0
DA:80,0
DA:82,0
DA:83,0
DA:84,0
DA:88,0
DA:93,0
DA:94,0
DA:95,0
DA:98,0
DA:110,0
DA:111,0
DA:112,0
DA:113,0
DA:119,0
DA:121,0
DA:122,0
DA:125,0
DA:132,0
DA:133,0
DA:136,0
DA:138,0
DA:139,0
DA:143,0
DA:146,0
DA:147,0
DA:155,0
DA:156,0
DA:165,0
DA:166,0
DA:167,0
DA:168,0
DA:169,0
DA:173,0
DA:174,0
LF:39
LH:0
BRDA:78,0,0,0
BRDA:78,1,0,0
BRDA:78,1,1,0
BRDA:82,2,0,0
BRDA:91,3,0,0
BRDA:93,4,0,0
BRDA:100,5,0,0
BRDA:100,5,1,0
BRDA:100,6,0,0
BRDA:100,6,1,0
BRDA:101,7,0,0
BRDA:101,7,1,0
BRDA:101,8,0,0
BRDA:101,8,1,0
BRDA:102,9,0,0
BRDA:102,9,1,0
BRDA:102,10,0,0
BRDA:102,10,1,0
BRDA:102,11,0,0
BRDA:102,11,1,0
BRDA:104,12,0,0
BRDA:104,12,1,0
BRDA:104,13,0,0
BRDA:104,13,1,0
BRDA:105,14,0,0
BRDA:105,14,1,0
BRDA:105,15,0,0
BRDA:105,15,1,0
BRDA:106,16,0,0
BRDA:106,16,1,0
BRDA:106,17,0,0
BRDA:106,17,1,0
BRDA:113,18,0,0
BRDA:119,19,0,0
BRDA:122,20,0,0
BRDA:132,21,0,0
BRDA:133,22,0,0
BRDA:155,23,0,0
BRDA:166,24,0,0
BRF:39
BRH:0
end_of_record
TN:
SF:packages/mock-api/src/delay.ts
FN:1,(anonymous_0)
FN:1,(anonymous_1)
FNF:2
FNH:0
FNDA:0,(anonymous_0)
FNDA:0,(anonymous_1)
DA:1,0
DA:2,0
LF:2
LH:0
BRDA:1,0,0,0
BRF:1
BRH:0
end_of_record
TN:
SF:packages/mock-api/src/index.ts
FN:8,getPatients
FN:13,getPatientById
FN:15,(anonymous_12)
FN:18,getAnalytics
FN:23,getDashboardKPIs
FN:28,getAppointments
FN:33,getActivityFeed
FNF:7
FNH:0
FNDA:0,getPatients
FNDA:0,getPatientById
FNDA:0,(anonymous_12)
FNDA:0,getAnalytics
FNDA:0,getDashboardKPIs
FNDA:0,getAppointments
FNDA:0,getActivityFeed
DA:1,0
DA:2,0
DA:3,0
DA:4,0
DA:8,0
DA:9,0
DA:10,0
DA:13,0
DA:14,0
DA:15,0
DA:18,0
DA:19,0
DA:20,0
DA:23,0
DA:24,0
DA:25,0
DA:28,0
DA:29,0
DA:30,0
DA:33,0
DA:34,0
DA:35,0
LF:22
LH:0
BRF:0
BRH:0
end_of_record
TN:
SF:packages/mock-api/src/data/analytics.ts
FNF:0
FNH:0
DA:3,0
LF:1
LH:0
BRF:0
BRH:0
end_of_record
TN:
SF:packages/mock-api/src/data/dashboard.ts
FNF:0
FNH:0
DA:3,0
DA:70,0
DA:171,0
LF:3
LH:0
BRF:0
BRH:0
end_of_record
TN:
SF:packages/mock-api/src/data/patient.ts
FNF:0
FNH:0
DA:3,0
LF:1
LH:0
BRF:0
BRH:0
end_of_record
TN:
SF:packages/shared-types/src/bridge.ts
FN:43,postToShell
FN:50,onBridgeMessage
FN:51,(anonymous_2)
FN:57,(anonymous_3)
FNF:4
FNH:0
FNDA:0,postToShell
FNDA:0,onBridgeMessage
FNDA:0,(anonymous_2)
FNDA:0,(anonymous_3)
DA:43,0
DA:44,0
DA:45,0
DA:50,0
DA:51,0
DA:52,0
DA:53,0
DA:56,0
DA:57,0
LF:9
LH:0
BRDA:44,0,0,0
BRDA:44,1,0,0
BRDA:44,1,1,0
BRDA:52,2,0,0
BRDA:52,3,0,0
BRDA:52,3,1,0
BRF:6
BRH:0
end_of_record
TN:
SF:packages/shared-types/src/index.ts
FN:108,(anonymous_0)
FN:108,(anonymous_1)
FNF:2
FNH:0
FNDA:0,(anonymous_0)
FNDA:0,(anonymous_1)
DA:108,0
LF:1
LH:0
BRF:0
BRH:0
end_of_record
TN:
SF:packages/shared-ui/src/Avatar.tsx
FN:29,initials
FN:37,colorFor
FN:39,(anonymous_3)
FN:43,Avatar
FNF:4
FNH:4
FNDA:1,initials
FNDA:1,colorFor
FNDA:8,(anonymous_3)
FNDA:2,Avatar
DA:1,1
DA:12,1
DA:20,1
DA:30,1
DA:31,1
DA:32,1
DA:38,1
DA:39,8
DA:40,1
DA:43,1
DA:44,2
DA:45,2
LF:12
LH:12
BRDA:30,0,0,0
BRDA:32,1,0,0
BRDA:32,1,1,1
BRDA:38,2,0,0
BRDA:43,3,0,2
BRDA:53,4,0,1
BRDA:53,4,1,1
BRDA:54,5,0,1
BRDA:54,5,1,0
BRDA:54,6,0,1
BRDA:54,6,1,1
BRF:11
BRH:7
end_of_record
TN:
SF:packages/shared-ui/src/Badge.tsx
FN:58,Badge
FNF:1
FNH:1
FNDA:3,Badge
DA:1,1
DA:13,1
DA:58,1
DA:59,3
DA:64,3
LF:5
LH:5
BRDA:58,0,0,1
BRDA:59,1,0,3
BRDA:59,1,1,0
BRDA:59,2,0,3
BRDA:59,2,1,3
BRDA:68,3,0,2
BRDA:68,3,1,1
BRF:7
BRH:6
end_of_record
TN:
SF:packages/shared-ui/src/Button.tsx
FN:39,(anonymous_2)
FNF:1
FNH:1
FNDA:7,(anonymous_2)
DA:1,1
DA:2,1
DA:14,1
DA:21,1
DA:32,1
DA:38,1
DA:47,7
DA:48,7
DA:51,7
DA:83,1
LF:10
LH:10
BRDA:41,0,0,5
BRDA:42,1,0,7
BRDA:54,2,0,7
BRDA:54,2,1,0
BRDA:55,3,0,7
BRDA:55,3,1,6
BRDA:58,4,0,7
BRDA:58,4,1,2
BRDA:77,5,0,7
BRDA:77,5,1,2
BRF:10
BRH:9
end_of_record
TN:
SF:packages/shared-ui/src/Card.tsx
FN:20,Card
FNF:1
FNH:0
FNDA:0,Card
DA:2,0
DA:13,0
DA:20,0
DA:26,0
DA:27,0
DA:29,0
LF:6
LH:0
BRDA:23,0,0,0
BRDA:33,1,0,0
BRDA:33,1,1,0
BRDA:38,2,0,0
BRDA:38,2,1,0
BRDA:44,3,0,0
BRDA:44,3,1,0
BRF:7
BRH:0
end_of_record
TN:
SF:packages/shared-ui/src/ErrorBoundary.tsx
FN:15,(anonymous_0)
FN:29,(anonymous_1)
FN:20,(anonymous_2)
FN:24,(anonymous_3)
FN:33,(anonymous_4)
FN:44,ErrorCard
FN:117,(anonymous_6)
FN:131,withErrorBoundary
FN:135,WrappedComponent
FNF:9
FNH:0
FNDA:0,(anonymous_0)
FNDA:0,(anonymous_1)
FNDA:0,(anonymous_2)
FNDA:0,(anonymous_3)
FNDA:0,(anonymous_4)
FNDA:0,ErrorCard
FNDA:0,(anonymous_6)
FNDA:0,withErrorBoundary
FNDA:0,WrappedComponent
DA:1,0
DA:14,0
DA:16,0
DA:17,0
DA:21,0
DA:25,0
DA:26,0
DA:29,0
DA:30,0
DA:34,0
DA:35,0
DA:37,0
DA:39,0
DA:45,0
DA:117,0
DA:131,0
DA:135,0
DA:136,0
LF:18
LH:0
BRDA:26,0,0,0
BRDA:26,0,1,0
BRDA:26,1,0,0
BRDA:26,1,1,0
BRDA:34,2,0,0
BRDA:35,3,0,0
BRDA:86,4,0,0
BRDA:86,4,1,0
BRDA:86,5,0,0
BRDA:86,5,1,0
BRDA:86,6,0,0
BRDA:86,6,1,0
BRF:12
BRH:0
end_of_record
TN:
SF:packages/shared-ui/src/Input.tsx
FN:13,(anonymous_2)
FNF:1
FNH:0
FNDA:0,(anonymous_2)
DA:1,0
DA:2,0
DA:12,0
DA:13,0
DA:14,0
DA:15,0
DA:17,0
DA:67,0
LF:8
LH:0
BRDA:15,0,0,0
BRDA:15,0,1,0
BRDA:15,1,0,0
BRDA:15,1,1,0
BRDA:18,2,0,0
BRDA:18,2,1,0
BRDA:19,3,0,0
BRDA:19,3,1,0
BRDA:33,4,0,0
BRDA:33,4,1,0
BRDA:36,5,0,0
BRDA:36,5,1,0
BRDA:37,6,0,0
BRDA:37,6,1,0
BRDA:41,7,0,0
BRDA:41,7,1,0
BRDA:41,8,0,0
BRDA:41,8,1,0
BRDA:44,9,0,0
BRDA:44,9,1,0
BRDA:50,10,0,0
BRDA:50,10,1,0
BRDA:58,11,0,0
BRDA:58,11,1,0
BRDA:58,11,2,0
BRF:25
BRH:0
end_of_record
TN:
SF:packages/shared-ui/src/PageSkeletons.tsx
FN:4,DashboardSkeleton
FN:18,(anonymous_1)
FN:48,(anonymous_2)
FN:82,PatientsTableSkeleton
FN:110,(anonymous_4)
FN:115,(anonymous_5)
FN:147,(anonymous_6)
FN:157,AnalyticsSkeleton
FN:167,(anonymous_8)
FN:190,(anonymous_9)
FN:214,(anonymous_10)
FN:234,(anonymous_11)
FNF:12
FNH:0
FNDA:0,DashboardSkeleton
FNDA:0,(anonymous_1)
FNDA:0,(anonymous_2)
FNDA:0,PatientsTableSkeleton
FNDA:0,(anonymous_4)
FNDA:0,(anonymous_5)
FNDA:0,(anonymous_6)
FNDA:0,AnalyticsSkeleton
FNDA:0,(anonymous_8)
FNDA:0,(anonymous_9)
FNDA:0,(anonymous_10)
FNDA:0,(anonymous_11)
DA:1,0
DA:4,0
DA:5,0
DA:19,0
DA:49,0
DA:82,0
DA:83,0
DA:111,0
DA:116,0
DA:148,0
DA:157,0
DA:158,0
DA:168,0
DA:191,0
DA:215,0
DA:235,0
LF:16
LH:0
BRF:0
BRH:0
end_of_record
TN:
SF:packages/shared-ui/src/Skeleton.tsx
FN:18,Skeleton
FN:34,SkeletonCard
FNF:2
FNH:0
FNDA:0,Skeleton
FNDA:0,SkeletonCard
DA:1,0
DA:10,0
DA:18,0
DA:24,0
DA:34,0
DA:35,0
LF:6
LH:0
BRDA:19,0,0,0
BRDA:20,1,0,0
BRDA:21,2,0,0
BRF:3
BRH:0
end_of_record
TN:
SF:packages/shared-ui/src/Spinner.tsx
FN:17,Spinner
FNF:1
FNH:0
FNDA:0,Spinner
DA:1,0
DA:11,0
DA:17,0
DA:18,0
LF:4
LH:0
BRDA:17,0,0,0
BRDA:17,1,0,0
BRF:2
BRH:0
end_of_record
TN:
SF:packages/shared-ui/src/Toggle.tsx
FN:10,(anonymous_1)
FN:16,(anonymous_2)
FN:25,Toggle
FN:35,(anonymous_4)
FN:42,(anonymous_5)
FNF:5
FNH:0
FNDA:0,(anonymous_1)
FNDA:0,(anonymous_2)
FNDA:0,Toggle
FNDA:0,(anonymous_4)
FNDA:0,(anonymous_5)
DA:1,0
DA:10,0
DA:11,0
DA:16,0
DA:17,0
DA:25,0
DA:26,0
DA:36,0
DA:42,0
LF:9
LH:0
BRDA:46,0,0,0
BRDA:46,0,1,0
BRDA:51,1,0,0
BRDA:51,1,1,0
BRF:4
BRH:0
end_of_record
TN:
SF:packages/shared-ui/src/index.ts
FN:1,(anonymous_0)
FN:2,(anonymous_1)
FN:3,(anonymous_2)
FN:4,(anonymous_3)
FN:5,(anonymous_4)
FN:6,(anonymous_5)
FN:7,(anonymous_6)
FN:7,(anonymous_7)
FN:8,(anonymous_8)
FN:9,(anonymous_9)
FN:9,(anonymous_10)
FN:10,(anonymous_11)
FN:10,(anonymous_12)
FN:10,(anonymous_13)
FNF:14
FNH:0
FNDA:0,(anonymous_0)
FNDA:0,(anonymous_1)
FNDA:0,(anonymous_2)
FNDA:0,(anonymous_3)
FNDA:0,(anonymous_4)
FNDA:0,(anonymous_5)
FNDA:0,(anonymous_6)
FNDA:0,(anonymous_7)
FNDA:0,(anonymous_8)
FNDA:0,(anonymous_9)
FNDA:0,(anonymous_10)
FNDA:0,(anonymous_11)
FNDA:0,(anonymous_12)
FNDA:0,(anonymous_13)
DA:1,0
DA:2,0
DA:3,0
DA:4,0
DA:5,0
DA:6,0
DA:7,0
DA:8,0
DA:9,0
DA:10,0
LF:10
LH:0
BRF:0
BRH:0
end_of_record
